2025-03-27 18:08:12.707 | DEBUG    | __main__:<module>:313 - Debug log for testing.
2025-03-27 18:08:12.707 | INFO     | __main__:<module>:314 - Info log for testing.
2025-03-27 18:08:12.707 | WARNING  | __main__:<module>:315 - Warning log for testing.
2025-03-27 18:08:12.707 | ERROR    | __main__:<module>:316 - Error log for testing.
2025-03-27 18:08:12.707 | CRITICAL | __main__:<module>:317 - Critical log for testing.
2025-03-27 18:08:12.707 | INFO     | __main__:run_experiment:252 - === Running experiment: Original ===
2025-03-27 18:08:12.707 | INFO     | __main__:run_experiment:257 - [Original] Epsilon-Greedy starting...
2025-03-27 18:08:12.753 | CRITICAL | __main__:report:178 - [EpsilonGreedy - Original] Avg Reward: 0.9996
2025-03-27 18:08:12.753 | INFO     | __main__:report:179 - [EpsilonGreedy - Original] Total Regret: 30.0000
2025-03-27 18:08:12.780 | INFO     | __main__:run_experiment:261 - [Original] Thompson Sampling starting...
2025-03-27 18:08:12.867 | CRITICAL | __main__:report:232 - [ThompsonSampling - Original] Avg Reward: 0.9999
2025-03-27 18:08:12.867 | INFO     | __main__:report:233 - [ThompsonSampling - Original] Total Regret: 14.0000
2025-03-27 18:08:12.890 | INFO     | __main__:run_experiment:266 - [Original] Plotting results...
2025-03-27 18:08:13.680 | INFO     | __main__:run_experiment:252 - === Running experiment: HardGap ===
2025-03-27 18:08:13.680 | INFO     | __main__:run_experiment:257 - [HardGap] Epsilon-Greedy starting...
2025-03-27 18:08:13.737 | CRITICAL | __main__:report:178 - [EpsilonGreedy - HardGap] Avg Reward: 0.9997
2025-03-27 18:08:13.737 | INFO     | __main__:report:179 - [EpsilonGreedy - HardGap] Total Regret: 8.1000
2025-03-27 18:08:13.761 | INFO     | __main__:run_experiment:261 - [HardGap] Thompson Sampling starting...
2025-03-27 18:08:13.849 | CRITICAL | __main__:report:232 - [ThompsonSampling - HardGap] Avg Reward: 0.9998
2025-03-27 18:08:13.849 | INFO     | __main__:report:233 - [ThompsonSampling - HardGap] Total Regret: 3.7000
2025-03-27 18:08:13.872 | INFO     | __main__:run_experiment:266 - [HardGap] Plotting results...
2025-03-27 18:08:14.167 | INFO     | __main__:run_experiment:252 - === Running experiment: SmallGap ===
2025-03-27 18:08:14.167 | INFO     | __main__:run_experiment:257 - [SmallGap] Epsilon-Greedy starting...
2025-03-27 18:08:14.214 | CRITICAL | __main__:report:178 - [EpsilonGreedy - SmallGap] Avg Reward: 0.9998
2025-03-27 18:08:14.214 | INFO     | __main__:report:179 - [EpsilonGreedy - SmallGap] Total Regret: 3.4000
2025-03-27 18:08:14.236 | INFO     | __main__:run_experiment:261 - [SmallGap] Thompson Sampling starting...
2025-03-27 18:08:14.320 | CRITICAL | __main__:report:232 - [ThompsonSampling - SmallGap] Avg Reward: 0.9999
2025-03-27 18:08:14.321 | INFO     | __main__:report:233 - [ThompsonSampling - SmallGap] Total Regret: 0.9000
2025-03-27 18:08:14.343 | INFO     | __main__:run_experiment:266 - [SmallGap] Plotting results...
2025-03-27 18:08:14.621 | INFO     | __main__:run_experiment:252 - === Running experiment: AlmostEqualHigh ===
2025-03-27 18:08:14.621 | INFO     | __main__:run_experiment:257 - [AlmostEqualHigh] Epsilon-Greedy starting...
2025-03-27 18:08:14.669 | CRITICAL | __main__:report:178 - [EpsilonGreedy - AlmostEqualHigh] Avg Reward: 0.9999
2025-03-27 18:08:14.669 | INFO     | __main__:report:179 - [EpsilonGreedy - AlmostEqualHigh] Total Regret: 4.7500
2025-03-27 18:08:14.694 | INFO     | __main__:run_experiment:261 - [AlmostEqualHigh] Thompson Sampling starting...
2025-03-27 18:08:14.780 | CRITICAL | __main__:report:232 - [ThompsonSampling - AlmostEqualHigh] Avg Reward: 0.9998
2025-03-27 18:08:14.780 | INFO     | __main__:report:233 - [ThompsonSampling - AlmostEqualHigh] Total Regret: 2.1400
2025-03-27 18:08:14.804 | INFO     | __main__:run_experiment:266 - [AlmostEqualHigh] Plotting results...
2025-03-27 18:08:15.115 | INFO     | __main__:summarize_best_config:292 - Analyzing CSVs to find best-performing algorithm+scenario...
2025-03-27 18:08:15.194 | SUCCESS  | __main__:summarize_best_config:307 - Best Config: AlmostEqualHigh in epsilon_greedy_results.csv
2025-03-27 18:08:15.194 | INFO     | __main__:summarize_best_config:308 - Average Reward: 0.9999, Total Regret: 3.0000
